<?xml version="1.0" encoding="UTF-8" ?>
<testsuite errors="0" skipped="0" tests="1" time="0.109" failures="0" name="com.tecnisev.ClaseEjemploTest">
  <properties>
    <property value="Java(TM) 2 Runtime Environment, Standard Edition" name="java.runtime.name"/>
    <property value="C:\Archivos de programa\Java\jdk1.5.0_04\jre\bin" name="sun.boot.library.path"/>
    <property value="1.5.0_04-b05" name="java.vm.version"/>
    <property value="Sun Microsystems Inc." name="java.vm.vendor"/>
    <property value="http://java.sun.com/" name="java.vendor.url"/>
    <property value=";" name="path.separator"/>
    <property value="Java HotSpot(TM) Client VM" name="java.vm.name"/>
    <property value="sun.io" name="file.encoding.pkg"/>
    <property value="ES" name="user.country"/>
    <property value="Service Pack 3" name="sun.os.patch.level"/>
    <property value="Java Virtual Machine Specification" name="java.vm.specification.name"/>
    <property value="C:\dani\workspace_eclipse\workspace_spring\MavenWebAppArchitecture" name="user.dir"/>
    <property value="1.5.0_04-b05" name="java.runtime.version"/>
    <property value="sun.awt.Win32GraphicsEnvironment" name="java.awt.graphicsenv"/>
    <property value="C:\dani\workspace_eclipse\workspace_spring\MavenWebAppArchitecture" name="basedir"/>
    <property value="C:\Archivos de programa\Java\jdk1.5.0_04\jre\lib\endorsed" name="java.endorsed.dirs"/>
    <property value="x86" name="os.arch"/>
    <property value="C:\dani\workspace_eclipse\workspace_spring\MavenWebAppArchitecture\target\surefire\surefirebooter25785.jar" name="surefire.real.class.path"/>
    <property value="D:\DOCUME~2\dmartinp\CONFIG~1\Temp\" name="java.io.tmpdir"/>
    <property value="
" name="line.separator"/>
    <property value="Sun Microsystems Inc." name="java.vm.specification.vendor"/>
    <property value="" name="user.variant"/>
    <property value="Windows XP" name="os.name"/>
    <property value="Cp1252" name="sun.jnu.encoding"/>
    <property value="C:\Archivos de programa\Java\jdk1.5.0_04\jre\bin;.;C:\WINDOWS\system32;C:\WINDOWS;C:\Archivos de programa\Mozilla Firefox;D:\Documents and Settings\dmartinp\JA3_0_2\deploy;D:\Documents and Settings\dmartinp\JA3_0_2\aoutil;C:\oracle\bin;C:\WINDOWS\system32;C:\WINDOWS;C:\WINDOWS\System32\Wbem;C:\Archivos de programa\Intel\WiFi\bin\;C:\Archivos de programa\ThinkPad\ConnectUtilities;C:\Archivos de programa\Java\jre1.6.0_18\bin;C:\Archivos de programa\TortoiseSVN\bin;C:\WINDOWS\system32\WindowsPowerShell\v1.0;C:\dani\programas\instalados\apache-maven-3.0.3\bin;C:\Archivos de programa\OpenOffice.org 3\program;C:\dani\programas\instalados\spring-roo-1.1.0.RELEASE\bin;C:\Archivos de programa\QuickTime\QTSystem\" name="java.library.path"/>
    <property value="C:\dani\workspace_eclipse\workspace_spring\MavenWebAppArchitecture\target\test-classes;C:\dani\workspace_eclipse\workspace_spring\MavenWebAppArchitecture\target\classes;D:\Documents and Settings\dmartinp\.m2\repository\junit\junit\4.4\junit-4.4.jar;D:\Documents and Settings\dmartinp\.m2\repository\org\springframework\spring\2.5.6\spring-2.5.6.jar;D:\Documents and Settings\dmartinp\.m2\repository\commons-logging\commons-logging\1.1.1\commons-logging-1.1.1.jar;D:\Documents and Settings\dmartinp\.m2\repository\org\springframework\spring-web\3.0.6.RELEASE\spring-web-3.0.6.RELEASE.jar;D:\Documents and Settings\dmartinp\.m2\repository\aopalliance\aopalliance\1.0\aopalliance-1.0.jar;D:\Documents and Settings\dmartinp\.m2\repository\org\springframework\spring-beans\3.0.6.RELEASE\spring-beans-3.0.6.RELEASE.jar;D:\Documents and Settings\dmartinp\.m2\repository\org\springframework\spring-context\3.0.6.RELEASE\spring-context-3.0.6.RELEASE.jar;D:\Documents and Settings\dmartinp\.m2\repository\org\springframework\spring-aop\3.0.6.RELEASE\spring-aop-3.0.6.RELEASE.jar;D:\Documents and Settings\dmartinp\.m2\repository\org\springframework\spring-expression\3.0.6.RELEASE\spring-expression-3.0.6.RELEASE.jar;D:\Documents and Settings\dmartinp\.m2\repository\org\springframework\spring-asm\3.0.6.RELEASE\spring-asm-3.0.6.RELEASE.jar;D:\Documents and Settings\dmartinp\.m2\repository\org\springframework\spring-core\3.0.6.RELEASE\spring-core-3.0.6.RELEASE.jar;D:\Documents and Settings\dmartinp\.m2\repository\org\apache\struts\struts2-core\2.1.8\struts2-core-2.1.8.jar;D:\Documents and Settings\dmartinp\.m2\repository\com\opensymphony\xwork-core\2.1.6\xwork-core-2.1.6.jar;D:\Documents and Settings\dmartinp\.m2\repository\org\springframework\spring-test\2.5.6\spring-test-2.5.6.jar;D:\Documents and Settings\dmartinp\.m2\repository\org\freemarker\freemarker\2.3.15\freemarker-2.3.15.jar;D:\Documents and Settings\dmartinp\.m2\repository\ognl\ognl\2.7.3\ognl-2.7.3.jar;D:\Documents and Settings\dmartinp\.m2\repository\commons-fileupload\commons-fileupload\1.2.1\commons-fileupload-1.2.1.jar;D:\Documents and Settings\dmartinp\.m2\repository\commons-io\commons-io\1.3.2\commons-io-1.3.2.jar;C:\Archivos de programa\Java\jdk1.5.0_04\jre\..\lib\tools.jar;D:\Documents and Settings\dmartinp\.m2\repository\org\apache\struts\struts2-spring-plugin\2.1.8\struts2-spring-plugin-2.1.8.jar;D:\Documents and Settings\dmartinp\.m2\repository\log4j\log4j\1.2.14\log4j-1.2.14.jar;D:\Documents and Settings\dmartinp\.m2\repository\org\zkoss\theme\breeze\5.0.6\breeze-5.0.6.jar;D:\Documents and Settings\dmartinp\.m2\repository\org\zkoss\zk\zk\5.0.6\zk-5.0.6.jar;D:\Documents and Settings\dmartinp\.m2\repository\org\zkoss\common\zweb\5.0.6\zweb-5.0.6.jar;D:\Documents and Settings\dmartinp\.m2\repository\org\zkoss\common\zcommon\5.0.6\zcommon-5.0.6.jar;D:\Documents and Settings\dmartinp\.m2\repository\org\zkoss\zkforge\el\zcommons-el\1.1.0\zcommons-el-1.1.0.jar;D:\Documents and Settings\dmartinp\.m2\repository\org\beanshell\bsh\2.0b4\bsh-2.0b4.jar;D:\Documents and Settings\dmartinp\.m2\repository\org\zkoss\zk\zul\5.0.6\zul-5.0.6.jar;D:\Documents and Settings\dmartinp\.m2\repository\org\zkoss\zk\zkmax\5.0.6\zkmax-5.0.6.jar;D:\Documents and Settings\dmartinp\.m2\repository\org\zkoss\zk\zkex\5.0.6\zkex-5.0.6.jar;D:\Documents and Settings\dmartinp\.m2\repository\net\sf\jasperreports\jasperreports\3.7.0\jasperreports-3.7.0.jar;D:\Documents and Settings\dmartinp\.m2\repository\commons-digester\commons-digester\1.7\commons-digester-1.7.jar;D:\Documents and Settings\dmartinp\.m2\repository\com\lowagie\itext\2.1.0\itext-2.1.0.jar;D:\Documents and Settings\dmartinp\.m2\repository\jfree\jcommon\1.0.15\jcommon-1.0.15.jar;D:\Documents and Settings\dmartinp\.m2\repository\jfree\jfreechart\1.0.13\jfreechart-1.0.13.jar;D:\Documents and Settings\dmartinp\.m2\repository\com\jhlabs\filters\2.0.235\filters-2.0.235.jar;D:\Documents and Settings\dmartinp\.m2\repository\org\zkoss\zk\zkplus\5.0.6\zkplus-5.0.6.jar;D:\Documents and Settings\dmartinp\.m2\repository\org\zkoss\zk\zhtml\5.0.6\zhtml-5.0.6.jar;" name="surefire.test.class.path"/>
    <property value="Java Platform API Specification" name="java.specification.name"/>
    <property value="49.0" name="java.class.version"/>
    <property value="HotSpot Client Compiler" name="sun.management.compiler"/>
    <property value="5.1" name="os.version"/>
    <property value="D:\Documents and Settings\dmartinp" name="user.home"/>
    <property value="Europe/Paris" name="user.timezone"/>
    <property value="sun.awt.windows.WPrinterJob" name="java.awt.printerjob"/>
    <property value="Cp1252" name="file.encoding"/>
    <property value="1.5" name="java.specification.version"/>
    <property value="dmartinp" name="user.name"/>
    <property value="C:\dani\workspace_eclipse\workspace_spring\MavenWebAppArchitecture\target\test-classes;C:\dani\workspace_eclipse\workspace_spring\MavenWebAppArchitecture\target\classes;D:\Documents and Settings\dmartinp\.m2\repository\junit\junit\4.4\junit-4.4.jar;D:\Documents and Settings\dmartinp\.m2\repository\org\springframework\spring\2.5.6\spring-2.5.6.jar;D:\Documents and Settings\dmartinp\.m2\repository\commons-logging\commons-logging\1.1.1\commons-logging-1.1.1.jar;D:\Documents and Settings\dmartinp\.m2\repository\org\springframework\spring-web\3.0.6.RELEASE\spring-web-3.0.6.RELEASE.jar;D:\Documents and Settings\dmartinp\.m2\repository\aopalliance\aopalliance\1.0\aopalliance-1.0.jar;D:\Documents and Settings\dmartinp\.m2\repository\org\springframework\spring-beans\3.0.6.RELEASE\spring-beans-3.0.6.RELEASE.jar;D:\Documents and Settings\dmartinp\.m2\repository\org\springframework\spring-context\3.0.6.RELEASE\spring-context-3.0.6.RELEASE.jar;D:\Documents and Settings\dmartinp\.m2\repository\org\springframework\spring-aop\3.0.6.RELEASE\spring-aop-3.0.6.RELEASE.jar;D:\Documents and Settings\dmartinp\.m2\repository\org\springframework\spring-expression\3.0.6.RELEASE\spring-expression-3.0.6.RELEASE.jar;D:\Documents and Settings\dmartinp\.m2\repository\org\springframework\spring-asm\3.0.6.RELEASE\spring-asm-3.0.6.RELEASE.jar;D:\Documents and Settings\dmartinp\.m2\repository\org\springframework\spring-core\3.0.6.RELEASE\spring-core-3.0.6.RELEASE.jar;D:\Documents and Settings\dmartinp\.m2\repository\org\apache\struts\struts2-core\2.1.8\struts2-core-2.1.8.jar;D:\Documents and Settings\dmartinp\.m2\repository\com\opensymphony\xwork-core\2.1.6\xwork-core-2.1.6.jar;D:\Documents and Settings\dmartinp\.m2\repository\org\springframework\spring-test\2.5.6\spring-test-2.5.6.jar;D:\Documents and Settings\dmartinp\.m2\repository\org\freemarker\freemarker\2.3.15\freemarker-2.3.15.jar;D:\Documents and Settings\dmartinp\.m2\repository\ognl\ognl\2.7.3\ognl-2.7.3.jar;D:\Documents and Settings\dmartinp\.m2\repository\commons-fileupload\commons-fileupload\1.2.1\commons-fileupload-1.2.1.jar;D:\Documents and Settings\dmartinp\.m2\repository\commons-io\commons-io\1.3.2\commons-io-1.3.2.jar;C:\Archivos de programa\Java\jdk1.5.0_04\jre\..\lib\tools.jar;D:\Documents and Settings\dmartinp\.m2\repository\org\apache\struts\struts2-spring-plugin\2.1.8\struts2-spring-plugin-2.1.8.jar;D:\Documents and Settings\dmartinp\.m2\repository\log4j\log4j\1.2.14\log4j-1.2.14.jar;D:\Documents and Settings\dmartinp\.m2\repository\org\zkoss\theme\breeze\5.0.6\breeze-5.0.6.jar;D:\Documents and Settings\dmartinp\.m2\repository\org\zkoss\zk\zk\5.0.6\zk-5.0.6.jar;D:\Documents and Settings\dmartinp\.m2\repository\org\zkoss\common\zweb\5.0.6\zweb-5.0.6.jar;D:\Documents and Settings\dmartinp\.m2\repository\org\zkoss\common\zcommon\5.0.6\zcommon-5.0.6.jar;D:\Documents and Settings\dmartinp\.m2\repository\org\zkoss\zkforge\el\zcommons-el\1.1.0\zcommons-el-1.1.0.jar;D:\Documents and Settings\dmartinp\.m2\repository\org\beanshell\bsh\2.0b4\bsh-2.0b4.jar;D:\Documents and Settings\dmartinp\.m2\repository\org\zkoss\zk\zul\5.0.6\zul-5.0.6.jar;D:\Documents and Settings\dmartinp\.m2\repository\org\zkoss\zk\zkmax\5.0.6\zkmax-5.0.6.jar;D:\Documents and Settings\dmartinp\.m2\repository\org\zkoss\zk\zkex\5.0.6\zkex-5.0.6.jar;D:\Documents and Settings\dmartinp\.m2\repository\net\sf\jasperreports\jasperreports\3.7.0\jasperreports-3.7.0.jar;D:\Documents and Settings\dmartinp\.m2\repository\commons-digester\commons-digester\1.7\commons-digester-1.7.jar;D:\Documents and Settings\dmartinp\.m2\repository\com\lowagie\itext\2.1.0\itext-2.1.0.jar;D:\Documents and Settings\dmartinp\.m2\repository\jfree\jcommon\1.0.15\jcommon-1.0.15.jar;D:\Documents and Settings\dmartinp\.m2\repository\jfree\jfreechart\1.0.13\jfreechart-1.0.13.jar;D:\Documents and Settings\dmartinp\.m2\repository\com\jhlabs\filters\2.0.235\filters-2.0.235.jar;D:\Documents and Settings\dmartinp\.m2\repository\org\zkoss\zk\zkplus\5.0.6\zkplus-5.0.6.jar;D:\Documents and Settings\dmartinp\.m2\repository\org\zkoss\zk\zhtml\5.0.6\zhtml-5.0.6.jar;" name="java.class.path"/>
    <property value="1.0" name="java.vm.specification.version"/>
    <property value="32" name="sun.arch.data.model"/>
    <property value="C:\Archivos de programa\Java\jdk1.5.0_04\jre" name="java.home"/>
    <property value="Sun Microsystems Inc." name="java.specification.vendor"/>
    <property value="es" name="user.language"/>
    <property value="sun.awt.windows.WToolkit" name="awt.toolkit"/>
    <property value="mixed mode" name="java.vm.info"/>
    <property value="1.5.0_04" name="java.version"/>
    <property value="C:\Archivos de programa\Java\jdk1.5.0_04\jre\lib\ext" name="java.ext.dirs"/>
    <property value="C:\Archivos de programa\Java\jdk1.5.0_04\jre\lib\rt.jar;C:\Archivos de programa\Java\jdk1.5.0_04\jre\lib\i18n.jar;C:\Archivos de programa\Java\jdk1.5.0_04\jre\lib\sunrsasign.jar;C:\Archivos de programa\Java\jdk1.5.0_04\jre\lib\jsse.jar;C:\Archivos de programa\Java\jdk1.5.0_04\jre\lib\jce.jar;C:\Archivos de programa\Java\jdk1.5.0_04\jre\lib\charsets.jar;C:\Archivos de programa\Java\jdk1.5.0_04\jre\classes" name="sun.boot.class.path"/>
    <property value="Sun Microsystems Inc." name="java.vendor"/>
    <property value="D:\Documents and Settings\dmartinp\.m2\repository" name="localRepository"/>
    <property value="\" name="file.separator"/>
    <property value="http://java.sun.com/cgi-bin/bugreport.cgi" name="java.vendor.url.bug"/>
    <property value="little" name="sun.cpu.endian"/>
    <property value="UnicodeLittle" name="sun.io.unicode.encoding"/>
    <property value="windows" name="sun.desktop"/>
    <property value="pentium_pro+mmx pentium_pro pentium+mmx pentium i486 i386 i86" name="sun.cpu.isalist"/>
  </properties>
  <testcase classname="com.tecnisev.ClaseEjemploTest" time="0.078" name="testClaseEjemplo"/>
</testsuite>